[zenlog][omakoto2] /usr/local/g/omakoto/hdd/zenlog/2016-03-18 [] 
[(not in a repo) () *** run a-envsetup and lunch *** {}]
$ ls -l /

COMMAND:
[2016/03/18-13:35:20] start: ls -l /
OUTPUT:
total 505
drwxr-xr-x   3 root    root      0 Mar 17 18:05 auto
drwxr-xr-x   2 root    root   4096 Feb 29 04:25 bin
drwxr-xr-x   4 root    root   1024 Mar 14 02:39 boot
drwxr-xr-x  18 root    root   4720 Mar 18 06:22 dev
drwxr-xr-x 186 root    root  12288 Mar 18 13:28 etc
drwxr-xr-x   2 root    root   4096 Jun 15  2015 export
dr-xr-xr-x   0 omakoto eng       0 Mar 18 13:35 gitc
drwxr-xr-x   6 root    root   4096 Jun 19  2015 google
drwxr-xr-x   3 root    root      0 Mar 17 18:04 home
drwxr-xr-x  28 root    root   4096 Feb 29 04:23 lib
drwxr-xr-x   2 root    root   4096 Feb 29 04:23 lib32
drwxr-xr-x   2 root    root   4096 Feb 29 04:23 lib64
drwxr-xr-x   2 root    root   4096 Feb 29 04:23 libx32
drwx------   2 root    root  16384 Jun  1  2015 lost+found
drwxr-xr-x   3 root    root   4096 Jun 24  2015 media
drwxr-xr-x   3 root    root   4096 Oct 13 15:01 mnt
drwxr-xr-x   2 root    root   4096 Jun  4  2014 net
drwxr-xr-x   6 root    root   4096 Jun 19  2015 opt
dr-xr-xr-x 601 root    root      0 Mar 17 18:02 proc
drwx------  14 root    root   4096 Mar 11 09:38 root
drwxr-xr-x  39 root    root   1700 Mar 18 13:31 run
drwxr-xr-x   2 root    root  12288 Feb 29 04:25 sbin
drwxr-xr-x   2 root    root   4096 Jun  1  2015 srv
dr-xr-xr-x  13 root    root      0 Mar 17 18:02 sys
drwxrwxrwt  18 root    root 409600 Mar 18 13:35 tmp
drwxr-xr-x  16 root    root   4096 Jun 19  2015 usr
drwxr-xr-x  13 root    root   4096 Jun 15  2015 var
^_^ (0s) [2016/03/18-13:35:20]
