[[0;42mzenlog[0m][[44momakoto2[0m] [44m/usr/local/g/omakoto/hdd/zenlog/2016-03-18[0m [] 
[(not in a repo) () [0;31m*** run a-envsetup and lunch ***[m {}[0m][0m
$ ls -l /
]0;* ls -l /
COMMAND:
[1;36m[2016/03/18-13:35:20] start: ls -l /
OUTPUT:[0m
total 505
drwxr-xr-x   3 root    root      0 Mar 17 18:05 [0m[01;34mauto[0m
drwxr-xr-x   2 root    root   4096 Feb 29 04:25 [01;34mbin[0m
drwxr-xr-x   4 root    root   1024 Mar 14 02:39 [01;34mboot[0m
drwxr-xr-x  18 root    root   4720 Mar 18 06:22 [01;34mdev[0m
drwxr-xr-x 186 root    root  12288 Mar 18 13:28 [01;34metc[0m
drwxr-xr-x   2 root    root   4096 Jun 15  2015 [01;34mexport[0m
dr-xr-xr-x   0 omakoto eng       0 Mar 18 13:35 [01;34mgitc[0m
drwxr-xr-x   6 root    root   4096 Jun 19  2015 [01;34mgoogle[0m
drwxr-xr-x   3 root    root      0 Mar 17 18:04 [01;34mhome[0m
drwxr-xr-x  28 root    root   4096 Feb 29 04:23 [01;34mlib[0m
drwxr-xr-x   2 root    root   4096 Feb 29 04:23 [01;34mlib32[0m
drwxr-xr-x   2 root    root   4096 Feb 29 04:23 [01;34mlib64[0m
drwxr-xr-x   2 root    root   4096 Feb 29 04:23 [01;34mlibx32[0m
drwx------   2 root    root  16384 Jun  1  2015 [01;34mlost+found[0m
drwxr-xr-x   3 root    root   4096 Jun 24  2015 [01;34mmedia[0m
drwxr-xr-x   3 root    root   4096 Oct 13 15:01 [01;34mmnt[0m
drwxr-xr-x   2 root    root   4096 Jun  4  2014 [01;34mnet[0m
drwxr-xr-x   6 root    root   4096 Jun 19  2015 [01;34mopt[0m
dr-xr-xr-x 601 root    root      0 Mar 17 18:02 [01;34mproc[0m
drwx------  14 root    root   4096 Mar 11 09:38 [01;34mroot[0m
drwxr-xr-x  39 root    root   1700 Mar 18 13:31 [01;34mrun[0m
drwxr-xr-x   2 root    root  12288 Feb 29 04:25 [01;34msbin[0m
drwxr-xr-x   2 root    root   4096 Jun  1  2015 [01;34msrv[0m
dr-xr-xr-x  13 root    root      0 Mar 17 18:02 [01;34msys[0m
drwxrwxrwt  18 root    root 409600 Mar 18 13:35 [30;42mtmp[0m
drwxr-xr-x  16 root    root   4096 Jun 19  2015 [01;34musr[0m
drwxr-xr-x  13 root    root   4096 Jun 15  2015 [01;34mvar[0m
]0;...log/2016-03-18/[0;32m^_^[0m (0s) [2016/03/18-13:35:20]
